<?xml version="1.0" encoding="UTF-8"?>
<!-- Generated by org.testng.reporters.JUnitReportReporter -->
<testsuite hostname="LAPTOP-5C9UPPKF" failures="0" tests="1" name="NewProject.YahooProject.SecureAndPhoneNumber" time="3.940" errors="0" timestamp="2022-10-02T09:11:18 IST" skipped="0">
  <testcase classname="NewProject.YahooProject.SecureAndPhoneNumber" name="phoneNuberPage" time="3.940"/>
  <system-out/>
</testsuite> <!-- NewProject.YahooProject.SecureAndPhoneNumber -->
