<?xml version="1.0" encoding="UTF-8"?>
<!-- Generated by org.testng.reporters.JUnitReportReporter -->
<testsuite hostname="LAPTOP-5C9UPPKF" failures="0" tests="1" name="NewProject.YahooProject.LoginPageTestCase" time="5.089" errors="0" timestamp="2022-10-01T23:54:16 IST" skipped="0">
  <testcase classname="NewProject.YahooProject.LoginPageTestCase" name="loginPage" time="5.089"/>
  <system-out/>
</testsuite> <!-- NewProject.YahooProject.LoginPageTestCase -->
