<?xml version="1.0" encoding="UTF-8"?>
<!-- Generated by org.testng.reporters.JUnitReportReporter -->
<testsuite hostname="LAPTOP-5C9UPPKF" failures="0" tests="1" name="NewProject.YahooProject.TermsAndConditionCheckTestCase" time="4.518" errors="0" timestamp="2022-10-02T12:43:52 IST" skipped="0">
  <testcase classname="NewProject.YahooProject.TermsAndConditionCheckTestCase" name="TermsAndCondition" time="4.518"/>
  <system-out/>
</testsuite> <!-- NewProject.YahooProject.TermsAndConditionCheckTestCase -->
